<?xml version="1.0" encoding="UTF-8"?>
<testsuite xmlns:xsi="http://www.w3.org/2001/XMLSchema-instance" xsi:noNamespaceSchemaLocation="https://maven.apache.org/surefire/maven-surefire-plugin/xsd/surefire-test-report.xsd" name="Scenario: select lowest price item in cart" time="29.856" tests="7" errors="0" skipped="0" failures="0">
  <properties>
    <property name="gopherProxySet" value="false"/>
    <property name="awt.toolkit" value="sun.lwawt.macosx.LWCToolkit"/>
    <property name="java.specification.version" value="11"/>
    <property name="webdriver.chrome.driver" value="/usr/local/bin/chromedriver"/>
    <property name="sun.cpu.isalist" value=""/>
    <property name="sun.jnu.encoding" value="UTF-8"/>
    <property name="java.class.path" value="/Users/senthilkumar.n/Documents/workspace/test-cucumber/target/test-classes:/Users/senthilkumar.n/Documents/workspace/test-cucumber/target/classes:/Users/senthilkumar.n/.m2/repository/org/seleniumhq/selenium/selenium-java/3.11.0/selenium-java-3.11.0.jar:/Users/senthilkumar.n/.m2/repository/org/seleniumhq/selenium/selenium-api/3.11.0/selenium-api-3.11.0.jar:/Users/senthilkumar.n/.m2/repository/org/seleniumhq/selenium/selenium-edge-driver/3.11.0/selenium-edge-driver-3.11.0.jar:/Users/senthilkumar.n/.m2/repository/org/seleniumhq/selenium/selenium-firefox-driver/3.11.0/selenium-firefox-driver-3.11.0.jar:/Users/senthilkumar.n/.m2/repository/org/seleniumhq/selenium/selenium-ie-driver/3.11.0/selenium-ie-driver-3.11.0.jar:/Users/senthilkumar.n/.m2/repository/org/seleniumhq/selenium/selenium-opera-driver/3.11.0/selenium-opera-driver-3.11.0.jar:/Users/senthilkumar.n/.m2/repository/org/seleniumhq/selenium/selenium-remote-driver/3.11.0/selenium-remote-driver-3.11.0.jar:/Users/senthilkumar.n/.m2/repository/org/seleniumhq/selenium/selenium-safari-driver/3.11.0/selenium-safari-driver-3.11.0.jar:/Users/senthilkumar.n/.m2/repository/org/seleniumhq/selenium/selenium-support/3.11.0/selenium-support-3.11.0.jar:/Users/senthilkumar.n/.m2/repository/net/bytebuddy/byte-buddy/1.7.9/byte-buddy-1.7.9.jar:/Users/senthilkumar.n/.m2/repository/org/apache/commons/commons-exec/1.3/commons-exec-1.3.jar:/Users/senthilkumar.n/.m2/repository/commons-codec/commons-codec/1.10/commons-codec-1.10.jar:/Users/senthilkumar.n/.m2/repository/commons-logging/commons-logging/1.2/commons-logging-1.2.jar:/Users/senthilkumar.n/.m2/repository/com/google/code/gson/gson/2.8.2/gson-2.8.2.jar:/Users/senthilkumar.n/.m2/repository/com/google/guava/guava/23.6-jre/guava-23.6-jre.jar:/Users/senthilkumar.n/.m2/repository/com/google/code/findbugs/jsr305/1.3.9/jsr305-1.3.9.jar:/Users/senthilkumar.n/.m2/repository/org/checkerframework/checker-compat-qual/2.0.0/checker-compat-qual-2.0.0.jar:/Users/senthilkumar.n/.m2/repository/com/google/errorprone/error_prone_annotations/2.1.3/error_prone_annotations-2.1.3.jar:/Users/senthilkumar.n/.m2/repository/com/google/j2objc/j2objc-annotations/1.1/j2objc-annotations-1.1.jar:/Users/senthilkumar.n/.m2/repository/org/codehaus/mojo/animal-sniffer-annotations/1.14/animal-sniffer-annotations-1.14.jar:/Users/senthilkumar.n/.m2/repository/org/apache/httpcomponents/httpclient/4.5.3/httpclient-4.5.3.jar:/Users/senthilkumar.n/.m2/repository/org/apache/httpcomponents/httpcore/4.4.6/httpcore-4.4.6.jar:/Users/senthilkumar.n/.m2/repository/com/squareup/okhttp3/okhttp/3.9.1/okhttp-3.9.1.jar:/Users/senthilkumar.n/.m2/repository/com/squareup/okio/okio/1.13.0/okio-1.13.0.jar:/Users/senthilkumar.n/.m2/repository/org/seleniumhq/selenium/selenium-chrome-driver/3.141.59/selenium-chrome-driver-3.141.59.jar:/Users/senthilkumar.n/.m2/repository/com/amazonaws/aws-java-sdk-s3/1.11.415/aws-java-sdk-s3-1.11.415.jar:/Users/senthilkumar.n/.m2/repository/com/amazonaws/aws-java-sdk-kms/1.11.415/aws-java-sdk-kms-1.11.415.jar:/Users/senthilkumar.n/.m2/repository/com/amazonaws/jmespath-java/1.11.415/jmespath-java-1.11.415.jar:/Users/senthilkumar.n/.m2/repository/com/amazonaws/aws-java-sdk-secretsmanager/1.11.818/aws-java-sdk-secretsmanager-1.11.818.jar:/Users/senthilkumar.n/.m2/repository/com/amazonaws/aws-java-sdk-core/1.11.818/aws-java-sdk-core-1.11.818.jar:/Users/senthilkumar.n/.m2/repository/software/amazon/ion/ion-java/1.0.2/ion-java-1.0.2.jar:/Users/senthilkumar.n/.m2/repository/com/fasterxml/jackson/core/jackson-databind/2.6.7.3/jackson-databind-2.6.7.3.jar:/Users/senthilkumar.n/.m2/repository/com/fasterxml/jackson/core/jackson-annotations/2.6.0/jackson-annotations-2.6.0.jar:/Users/senthilkumar.n/.m2/repository/com/fasterxml/jackson/core/jackson-core/2.6.7/jackson-core-2.6.7.jar:/Users/senthilkumar.n/.m2/repository/com/fasterxml/jackson/dataformat/jackson-dataformat-cbor/2.6.7/jackson-dataformat-cbor-2.6.7.jar:/Users/senthilkumar.n/.m2/repository/joda-time/joda-time/2.8.1/joda-time-2.8.1.jar:/Users/senthilkumar.n/.m2/repository/ru/yandex/qatools/allure/allure-cucumber-jvm-adaptor/1.6.2/allure-cucumber-jvm-adaptor-1.6.2.jar:/Users/senthilkumar.n/.m2/repository/ru/yandex/qatools/allure/allure-java-aspects/1.5.2/allure-java-aspects-1.5.2.jar:/Users/senthilkumar.n/.m2/repository/ru/yandex/qatools/allure/allure-java-adaptor-api/1.5.2/allure-java-adaptor-api-1.5.2.jar:/Users/senthilkumar.n/.m2/repository/ru/yandex/qatools/allure/allure-java-annotations/1.5.2/allure-java-annotations-1.5.2.jar:/Users/senthilkumar.n/.m2/repository/org/apache/tika/tika-core/1.7/tika-core-1.7.jar:/Users/senthilkumar.n/.m2/repository/org/aspectj/aspectjrt/1.8.3/aspectjrt-1.8.3.jar:/Users/senthilkumar.n/.m2/repository/ru/yandex/qatools/allure/allure-commons/1.5.2/allure-commons-1.5.2.jar:/Users/senthilkumar.n/.m2/repository/ru/yandex/qatools/allure/allure-model/1.5.2/allure-model-1.5.2.jar:/Users/senthilkumar.n/.m2/repository/org/jvnet/jaxb2_commons/jaxb2-basics-runtime/0.9.3/jaxb2-basics-runtime-0.9.3.jar:/Users/senthilkumar.n/.m2/repository/ru/qatools/commons/properties/2.0.RC5/properties-2.0.RC5.jar:/Users/senthilkumar.n/.m2/repository/info/cukes/cucumber-junit/1.2.5/cucumber-junit-1.2.5.jar:/Users/senthilkumar.n/.m2/repository/info/cukes/cucumber-core/1.2.5/cucumber-core-1.2.5.jar:/Users/senthilkumar.n/.m2/repository/info/cukes/cucumber-html/0.2.3/cucumber-html-0.2.3.jar:/Users/senthilkumar.n/.m2/repository/info/cukes/cucumber-jvm-deps/1.0.5/cucumber-jvm-deps-1.0.5.jar:/Users/senthilkumar.n/.m2/repository/org/apache/commons/commons-lang3/3.3.2/commons-lang3-3.3.2.jar:/Users/senthilkumar.n/.m2/repository/info/cukes/gherkin/2.12.2/gherkin-2.12.2.jar:/Users/senthilkumar.n/.m2/repository/commons-logging/commons-logging-api/1.1/commons-logging-api-1.1.jar:/Users/senthilkumar.n/.m2/repository/commons-io/commons-io/2.4/commons-io-2.4.jar:/Users/senthilkumar.n/.m2/repository/info/cukes/cucumber-java/1.2.5/cucumber-java-1.2.5.jar:/Users/senthilkumar.n/.m2/repository/io/cucumber/cucumber-junit/6.2.1/cucumber-junit-6.2.1.jar:/Users/senthilkumar.n/.m2/repository/org/apiguardian/apiguardian-api/1.1.0/apiguardian-api-1.1.0.jar:/Users/senthilkumar.n/.m2/repository/io/cucumber/cucumber-core/6.2.1/cucumber-core-6.2.1.jar:/Users/senthilkumar.n/.m2/repository/io/cucumber/cucumber-gherkin/6.2.1/cucumber-gherkin-6.2.1.jar:/Users/senthilkumar.n/.m2/repository/io/cucumber/cucumber-gherkin-messages/6.2.1/cucumber-gherkin-messages-6.2.1.jar:/Users/senthilkumar.n/.m2/repository/io/cucumber/messages/12.2.0/messages-12.2.0.jar:/Users/senthilkumar.n/.m2/repository/io/cucumber/tag-expressions/3.0.0/tag-expressions-3.0.0.jar:/Users/senthilkumar.n/.m2/repository/io/cucumber/cucumber-expressions/10.2.1/cucumber-expressions-10.2.1.jar:/Users/senthilkumar.n/.m2/repository/io/cucumber/datatable/3.3.1/datatable-3.3.1.jar:/Users/senthilkumar.n/.m2/repository/io/cucumber/cucumber-plugin/6.2.1/cucumber-plugin-6.2.1.jar:/Users/senthilkumar.n/.m2/repository/io/cucumber/docstring/6.2.1/docstring-6.2.1.jar:/Users/senthilkumar.n/.m2/repository/io/cucumber/html-formatter/7.0.0/html-formatter-7.0.0.jar:/Users/senthilkumar.n/.m2/repository/junit/junit/4.13/junit-4.13.jar:/Users/senthilkumar.n/.m2/repository/org/hamcrest/hamcrest-core/1.3/hamcrest-core-1.3.jar:/Users/senthilkumar.n/.m2/repository/net/masterthought/cucumber-reporting/3.8.0/cucumber-reporting-3.8.0.jar:/Users/senthilkumar.n/.m2/repository/org/apache/logging/log4j/log4j-api/2.6/log4j-api-2.6.jar:/Users/senthilkumar.n/.m2/repository/org/apache/logging/log4j/log4j-core/2.6/log4j-core-2.6.jar:/Users/senthilkumar.n/.m2/repository/org/apache/velocity/velocity/1.7/velocity-1.7.jar:/Users/senthilkumar.n/.m2/repository/commons-collections/commons-collections/3.2.1/commons-collections-3.2.1.jar:/Users/senthilkumar.n/.m2/repository/commons-lang/commons-lang/2.4/commons-lang-2.4.jar:/Users/senthilkumar.n/.m2/repository/velocity-tools/velocity-tools/1.4/velocity-tools-1.4.jar:/Users/senthilkumar.n/.m2/repository/net/lingala/zip4j/zip4j/1.3.2/zip4j-1.3.2.jar:/Users/senthilkumar.n/.m2/repository/org/codehaus/plexus/plexus-utils/3.0.24/plexus-utils-3.0.24.jar:/Users/senthilkumar.n/.m2/repository/org/jsoup/jsoup/1.10.1/jsoup-1.10.1.jar:/Users/senthilkumar.n/.m2/repository/com/googlecode/owasp-java-html-sanitizer/owasp-java-html-sanitizer/20160924.1/owasp-java-html-sanitizer-20160924.1.jar:/Users/senthilkumar.n/.m2/repository/log4j/log4j/1.2.17/log4j-1.2.17.jar:/Users/senthilkumar.n/.m2/repository/org/apache/maven/maven-plugin-api/3.3.9/maven-plugin-api-3.3.9.jar:/Users/senthilkumar.n/.m2/repository/org/apache/maven/maven-model/3.3.9/maven-model-3.3.9.jar:/Users/senthilkumar.n/.m2/repository/org/apache/maven/maven-artifact/3.3.9/maven-artifact-3.3.9.jar:/Users/senthilkumar.n/.m2/repository/org/eclipse/sisu/org.eclipse.sisu.plexus/0.3.2/org.eclipse.sisu.plexus-0.3.2.jar:/Users/senthilkumar.n/.m2/repository/javax/enterprise/cdi-api/1.0/cdi-api-1.0.jar:/Users/senthilkumar.n/.m2/repository/javax/annotation/jsr250-api/1.0/jsr250-api-1.0.jar:/Users/senthilkumar.n/.m2/repository/javax/inject/javax.inject/1/javax.inject-1.jar:/Users/senthilkumar.n/.m2/repository/org/eclipse/sisu/org.eclipse.sisu.inject/0.3.2/org.eclipse.sisu.inject-0.3.2.jar:/Users/senthilkumar.n/.m2/repository/org/codehaus/plexus/plexus-component-annotations/1.5.5/plexus-component-annotations-1.5.5.jar:/Users/senthilkumar.n/.m2/repository/org/codehaus/plexus/plexus-classworlds/2.5.2/plexus-classworlds-2.5.2.jar:/Users/senthilkumar.n/.m2/repository/org/apache/poi/poi/3.17/poi-3.17.jar:/Users/senthilkumar.n/.m2/repository/org/apache/commons/commons-collections4/4.1/commons-collections4-4.1.jar:/Users/senthilkumar.n/.m2/repository/org/apache/poi/poi-ooxml/3.17/poi-ooxml-3.17.jar:/Users/senthilkumar.n/.m2/repository/org/apache/poi/poi-ooxml-schemas/3.17/poi-ooxml-schemas-3.17.jar:/Users/senthilkumar.n/.m2/repository/org/apache/xmlbeans/xmlbeans/2.6.0/xmlbeans-2.6.0.jar:/Users/senthilkumar.n/.m2/repository/stax/stax-api/1.0.1/stax-api-1.0.1.jar:/Users/senthilkumar.n/.m2/repository/com/github/virtuald/curvesapi/1.04/curvesapi-1.04.jar:/Users/senthilkumar.n/.m2/repository/com/jcraft/jsch/0.1.55/jsch-0.1.55.jar:/Users/senthilkumar.n/.m2/repository/com/legsem/legstar/legstar-base/2.0.4/legstar-base-2.0.4.jar:/Users/senthilkumar.n/.m2/repository/org/slf4j/slf4j-api/1.7.2/slf4j-api-1.7.2.jar:/Users/senthilkumar.n/.m2/repository/org/slf4j/slf4j-log4j12/1.7.2/slf4j-log4j12-1.7.2.jar:/Users/senthilkumar.n/.m2/repository/com/legsem/legstar/legstar-coxbapi/1.5.8/legstar-coxbapi-1.5.8.jar:/Users/senthilkumar.n/.m2/repository/org/codehaus/jackson/jackson-xc/1.6.0/jackson-xc-1.6.0.jar:/Users/senthilkumar.n/.m2/repository/org/codehaus/jackson/jackson-core-asl/1.6.0/jackson-core-asl-1.6.0.jar:/Users/senthilkumar.n/.m2/repository/org/codehaus/jackson/jackson-mapper-asl/1.6.0/jackson-mapper-asl-1.6.0.jar:/Users/senthilkumar.n/.m2/repository/javax/xml/bind/jaxb-api/2.1/jaxb-api-2.1.jar:/Users/senthilkumar.n/.m2/repository/javax/xml/stream/stax-api/1.0-2/stax-api-1.0-2.jar:/Users/senthilkumar.n/.m2/repository/javax/activation/activation/1.1/activation-1.1.jar:/Users/senthilkumar.n/.m2/repository/com/legsem/legstar/legstar-coxbrt/1.5.8/legstar-coxbrt-1.5.8.jar:/Users/senthilkumar.n/.m2/repository/com/legsem/legstar/legstar-jaxbgen/1.6.0/legstar-jaxbgen-1.6.0.jar:/Users/senthilkumar.n/.m2/repository/com/legsem/legstar/legstar-codegen/1.6.0/legstar-codegen-1.6.0.jar:/Users/senthilkumar.n/.m2/repository/com/sun/xml/bind/jaxb-xjc/2.1.7/jaxb-xjc-2.1.7.jar:/Users/senthilkumar.n/.m2/repository/com/sun/xml/bind/jaxb-impl/2.1.7/jaxb-impl-2.1.7.jar:/Users/senthilkumar.n/.m2/repository/org/apache/ws/commons/schema/XmlSchema/1.4.7/XmlSchema-1.4.7.jar:/Users/senthilkumar.n/.m2/repository/org/projectlombok/lombok/1.18.12/lombok-1.18.12.jar:/Users/senthilkumar.n/.m2/repository/com/opencsv/opencsv/4.1/opencsv-4.1.jar:/Users/senthilkumar.n/.m2/repository/org/apache/commons/commons-text/1.1/commons-text-1.1.jar:/Users/senthilkumar.n/.m2/repository/commons-beanutils/commons-beanutils/1.9.3/commons-beanutils-1.9.3.jar:/Users/senthilkumar.n/.m2/repository/org/springframework/spring-core/5.2.4.RELEASE/spring-core-5.2.4.RELEASE.jar:/Users/senthilkumar.n/.m2/repository/org/springframework/spring-jcl/5.2.4.RELEASE/spring-jcl-5.2.4.RELEASE.jar:/Users/senthilkumar.n/.m2/repository/com/amazonaws/aws-java-sdk-dynamodb/1.11.106/aws-java-sdk-dynamodb-1.11.106.jar:"/>
    <property name="java.vm.vendor" value="Oracle Corporation"/>
    <property name="sun.arch.data.model" value="64"/>
    <property name="java.vendor.url" value="http://java.oracle.com/"/>
    <property name="user.timezone" value="Europe/London"/>
    <property name="java.vm.specification.version" value="11"/>
    <property name="os.name" value="Mac OS X"/>
    <property name="sun.java.launcher" value="SUN_STANDARD"/>
    <property name="user.country" value="GB"/>
    <property name="sun.boot.library.path" value="/Library/Java/JavaVirtualMachines/openjdk-11.0.2.jdk/Contents/Home/lib"/>
    <property name="sun.java.command" value="/Users/senthilkumar.n/Documents/workspace/test-cucumber/target/surefire/surefirebooter3769898855821507524.jar /Users/senthilkumar.n/Documents/workspace/test-cucumber/target/surefire 2021-06-30T22-56-25_076-jvmRun1 surefire17642578922649616984tmp surefire_010669924782024954022tmp"/>
    <property name="jdk.debug" value="release"/>
    <property name="surefire.test.class.path" value="/Users/senthilkumar.n/Documents/workspace/test-cucumber/target/test-classes:/Users/senthilkumar.n/Documents/workspace/test-cucumber/target/classes:/Users/senthilkumar.n/.m2/repository/org/seleniumhq/selenium/selenium-java/3.11.0/selenium-java-3.11.0.jar:/Users/senthilkumar.n/.m2/repository/org/seleniumhq/selenium/selenium-api/3.11.0/selenium-api-3.11.0.jar:/Users/senthilkumar.n/.m2/repository/org/seleniumhq/selenium/selenium-edge-driver/3.11.0/selenium-edge-driver-3.11.0.jar:/Users/senthilkumar.n/.m2/repository/org/seleniumhq/selenium/selenium-firefox-driver/3.11.0/selenium-firefox-driver-3.11.0.jar:/Users/senthilkumar.n/.m2/repository/org/seleniumhq/selenium/selenium-ie-driver/3.11.0/selenium-ie-driver-3.11.0.jar:/Users/senthilkumar.n/.m2/repository/org/seleniumhq/selenium/selenium-opera-driver/3.11.0/selenium-opera-driver-3.11.0.jar:/Users/senthilkumar.n/.m2/repository/org/seleniumhq/selenium/selenium-remote-driver/3.11.0/selenium-remote-driver-3.11.0.jar:/Users/senthilkumar.n/.m2/repository/org/seleniumhq/selenium/selenium-safari-driver/3.11.0/selenium-safari-driver-3.11.0.jar:/Users/senthilkumar.n/.m2/repository/org/seleniumhq/selenium/selenium-support/3.11.0/selenium-support-3.11.0.jar:/Users/senthilkumar.n/.m2/repository/net/bytebuddy/byte-buddy/1.7.9/byte-buddy-1.7.9.jar:/Users/senthilkumar.n/.m2/repository/org/apache/commons/commons-exec/1.3/commons-exec-1.3.jar:/Users/senthilkumar.n/.m2/repository/commons-codec/commons-codec/1.10/commons-codec-1.10.jar:/Users/senthilkumar.n/.m2/repository/commons-logging/commons-logging/1.2/commons-logging-1.2.jar:/Users/senthilkumar.n/.m2/repository/com/google/code/gson/gson/2.8.2/gson-2.8.2.jar:/Users/senthilkumar.n/.m2/repository/com/google/guava/guava/23.6-jre/guava-23.6-jre.jar:/Users/senthilkumar.n/.m2/repository/com/google/code/findbugs/jsr305/1.3.9/jsr305-1.3.9.jar:/Users/senthilkumar.n/.m2/repository/org/checkerframework/checker-compat-qual/2.0.0/checker-compat-qual-2.0.0.jar:/Users/senthilkumar.n/.m2/repository/com/google/errorprone/error_prone_annotations/2.1.3/error_prone_annotations-2.1.3.jar:/Users/senthilkumar.n/.m2/repository/com/google/j2objc/j2objc-annotations/1.1/j2objc-annotations-1.1.jar:/Users/senthilkumar.n/.m2/repository/org/codehaus/mojo/animal-sniffer-annotations/1.14/animal-sniffer-annotations-1.14.jar:/Users/senthilkumar.n/.m2/repository/org/apache/httpcomponents/httpclient/4.5.3/httpclient-4.5.3.jar:/Users/senthilkumar.n/.m2/repository/org/apache/httpcomponents/httpcore/4.4.6/httpcore-4.4.6.jar:/Users/senthilkumar.n/.m2/repository/com/squareup/okhttp3/okhttp/3.9.1/okhttp-3.9.1.jar:/Users/senthilkumar.n/.m2/repository/com/squareup/okio/okio/1.13.0/okio-1.13.0.jar:/Users/senthilkumar.n/.m2/repository/org/seleniumhq/selenium/selenium-chrome-driver/3.141.59/selenium-chrome-driver-3.141.59.jar:/Users/senthilkumar.n/.m2/repository/com/amazonaws/aws-java-sdk-s3/1.11.415/aws-java-sdk-s3-1.11.415.jar:/Users/senthilkumar.n/.m2/repository/com/amazonaws/aws-java-sdk-kms/1.11.415/aws-java-sdk-kms-1.11.415.jar:/Users/senthilkumar.n/.m2/repository/com/amazonaws/jmespath-java/1.11.415/jmespath-java-1.11.415.jar:/Users/senthilkumar.n/.m2/repository/com/amazonaws/aws-java-sdk-secretsmanager/1.11.818/aws-java-sdk-secretsmanager-1.11.818.jar:/Users/senthilkumar.n/.m2/repository/com/amazonaws/aws-java-sdk-core/1.11.818/aws-java-sdk-core-1.11.818.jar:/Users/senthilkumar.n/.m2/repository/software/amazon/ion/ion-java/1.0.2/ion-java-1.0.2.jar:/Users/senthilkumar.n/.m2/repository/com/fasterxml/jackson/core/jackson-databind/2.6.7.3/jackson-databind-2.6.7.3.jar:/Users/senthilkumar.n/.m2/repository/com/fasterxml/jackson/core/jackson-annotations/2.6.0/jackson-annotations-2.6.0.jar:/Users/senthilkumar.n/.m2/repository/com/fasterxml/jackson/core/jackson-core/2.6.7/jackson-core-2.6.7.jar:/Users/senthilkumar.n/.m2/repository/com/fasterxml/jackson/dataformat/jackson-dataformat-cbor/2.6.7/jackson-dataformat-cbor-2.6.7.jar:/Users/senthilkumar.n/.m2/repository/joda-time/joda-time/2.8.1/joda-time-2.8.1.jar:/Users/senthilkumar.n/.m2/repository/ru/yandex/qatools/allure/allure-cucumber-jvm-adaptor/1.6.2/allure-cucumber-jvm-adaptor-1.6.2.jar:/Users/senthilkumar.n/.m2/repository/ru/yandex/qatools/allure/allure-java-aspects/1.5.2/allure-java-aspects-1.5.2.jar:/Users/senthilkumar.n/.m2/repository/ru/yandex/qatools/allure/allure-java-adaptor-api/1.5.2/allure-java-adaptor-api-1.5.2.jar:/Users/senthilkumar.n/.m2/repository/ru/yandex/qatools/allure/allure-java-annotations/1.5.2/allure-java-annotations-1.5.2.jar:/Users/senthilkumar.n/.m2/repository/org/apache/tika/tika-core/1.7/tika-core-1.7.jar:/Users/senthilkumar.n/.m2/repository/org/aspectj/aspectjrt/1.8.3/aspectjrt-1.8.3.jar:/Users/senthilkumar.n/.m2/repository/ru/yandex/qatools/allure/allure-commons/1.5.2/allure-commons-1.5.2.jar:/Users/senthilkumar.n/.m2/repository/ru/yandex/qatools/allure/allure-model/1.5.2/allure-model-1.5.2.jar:/Users/senthilkumar.n/.m2/repository/org/jvnet/jaxb2_commons/jaxb2-basics-runtime/0.9.3/jaxb2-basics-runtime-0.9.3.jar:/Users/senthilkumar.n/.m2/repository/ru/qatools/commons/properties/2.0.RC5/properties-2.0.RC5.jar:/Users/senthilkumar.n/.m2/repository/info/cukes/cucumber-junit/1.2.5/cucumber-junit-1.2.5.jar:/Users/senthilkumar.n/.m2/repository/info/cukes/cucumber-core/1.2.5/cucumber-core-1.2.5.jar:/Users/senthilkumar.n/.m2/repository/info/cukes/cucumber-html/0.2.3/cucumber-html-0.2.3.jar:/Users/senthilkumar.n/.m2/repository/info/cukes/cucumber-jvm-deps/1.0.5/cucumber-jvm-deps-1.0.5.jar:/Users/senthilkumar.n/.m2/repository/org/apache/commons/commons-lang3/3.3.2/commons-lang3-3.3.2.jar:/Users/senthilkumar.n/.m2/repository/info/cukes/gherkin/2.12.2/gherkin-2.12.2.jar:/Users/senthilkumar.n/.m2/repository/commons-logging/commons-logging-api/1.1/commons-logging-api-1.1.jar:/Users/senthilkumar.n/.m2/repository/commons-io/commons-io/2.4/commons-io-2.4.jar:/Users/senthilkumar.n/.m2/repository/info/cukes/cucumber-java/1.2.5/cucumber-java-1.2.5.jar:/Users/senthilkumar.n/.m2/repository/io/cucumber/cucumber-junit/6.2.1/cucumber-junit-6.2.1.jar:/Users/senthilkumar.n/.m2/repository/org/apiguardian/apiguardian-api/1.1.0/apiguardian-api-1.1.0.jar:/Users/senthilkumar.n/.m2/repository/io/cucumber/cucumber-core/6.2.1/cucumber-core-6.2.1.jar:/Users/senthilkumar.n/.m2/repository/io/cucumber/cucumber-gherkin/6.2.1/cucumber-gherkin-6.2.1.jar:/Users/senthilkumar.n/.m2/repository/io/cucumber/cucumber-gherkin-messages/6.2.1/cucumber-gherkin-messages-6.2.1.jar:/Users/senthilkumar.n/.m2/repository/io/cucumber/messages/12.2.0/messages-12.2.0.jar:/Users/senthilkumar.n/.m2/repository/io/cucumber/tag-expressions/3.0.0/tag-expressions-3.0.0.jar:/Users/senthilkumar.n/.m2/repository/io/cucumber/cucumber-expressions/10.2.1/cucumber-expressions-10.2.1.jar:/Users/senthilkumar.n/.m2/repository/io/cucumber/datatable/3.3.1/datatable-3.3.1.jar:/Users/senthilkumar.n/.m2/repository/io/cucumber/cucumber-plugin/6.2.1/cucumber-plugin-6.2.1.jar:/Users/senthilkumar.n/.m2/repository/io/cucumber/docstring/6.2.1/docstring-6.2.1.jar:/Users/senthilkumar.n/.m2/repository/io/cucumber/html-formatter/7.0.0/html-formatter-7.0.0.jar:/Users/senthilkumar.n/.m2/repository/junit/junit/4.13/junit-4.13.jar:/Users/senthilkumar.n/.m2/repository/org/hamcrest/hamcrest-core/1.3/hamcrest-core-1.3.jar:/Users/senthilkumar.n/.m2/repository/net/masterthought/cucumber-reporting/3.8.0/cucumber-reporting-3.8.0.jar:/Users/senthilkumar.n/.m2/repository/org/apache/logging/log4j/log4j-api/2.6/log4j-api-2.6.jar:/Users/senthilkumar.n/.m2/repository/org/apache/logging/log4j/log4j-core/2.6/log4j-core-2.6.jar:/Users/senthilkumar.n/.m2/repository/org/apache/velocity/velocity/1.7/velocity-1.7.jar:/Users/senthilkumar.n/.m2/repository/commons-collections/commons-collections/3.2.1/commons-collections-3.2.1.jar:/Users/senthilkumar.n/.m2/repository/commons-lang/commons-lang/2.4/commons-lang-2.4.jar:/Users/senthilkumar.n/.m2/repository/velocity-tools/velocity-tools/1.4/velocity-tools-1.4.jar:/Users/senthilkumar.n/.m2/repository/net/lingala/zip4j/zip4j/1.3.2/zip4j-1.3.2.jar:/Users/senthilkumar.n/.m2/repository/org/codehaus/plexus/plexus-utils/3.0.24/plexus-utils-3.0.24.jar:/Users/senthilkumar.n/.m2/repository/org/jsoup/jsoup/1.10.1/jsoup-1.10.1.jar:/Users/senthilkumar.n/.m2/repository/com/googlecode/owasp-java-html-sanitizer/owasp-java-html-sanitizer/20160924.1/owasp-java-html-sanitizer-20160924.1.jar:/Users/senthilkumar.n/.m2/repository/log4j/log4j/1.2.17/log4j-1.2.17.jar:/Users/senthilkumar.n/.m2/repository/org/apache/maven/maven-plugin-api/3.3.9/maven-plugin-api-3.3.9.jar:/Users/senthilkumar.n/.m2/repository/org/apache/maven/maven-model/3.3.9/maven-model-3.3.9.jar:/Users/senthilkumar.n/.m2/repository/org/apache/maven/maven-artifact/3.3.9/maven-artifact-3.3.9.jar:/Users/senthilkumar.n/.m2/repository/org/eclipse/sisu/org.eclipse.sisu.plexus/0.3.2/org.eclipse.sisu.plexus-0.3.2.jar:/Users/senthilkumar.n/.m2/repository/javax/enterprise/cdi-api/1.0/cdi-api-1.0.jar:/Users/senthilkumar.n/.m2/repository/javax/annotation/jsr250-api/1.0/jsr250-api-1.0.jar:/Users/senthilkumar.n/.m2/repository/javax/inject/javax.inject/1/javax.inject-1.jar:/Users/senthilkumar.n/.m2/repository/org/eclipse/sisu/org.eclipse.sisu.inject/0.3.2/org.eclipse.sisu.inject-0.3.2.jar:/Users/senthilkumar.n/.m2/repository/org/codehaus/plexus/plexus-component-annotations/1.5.5/plexus-component-annotations-1.5.5.jar:/Users/senthilkumar.n/.m2/repository/org/codehaus/plexus/plexus-classworlds/2.5.2/plexus-classworlds-2.5.2.jar:/Users/senthilkumar.n/.m2/repository/org/apache/poi/poi/3.17/poi-3.17.jar:/Users/senthilkumar.n/.m2/repository/org/apache/commons/commons-collections4/4.1/commons-collections4-4.1.jar:/Users/senthilkumar.n/.m2/repository/org/apache/poi/poi-ooxml/3.17/poi-ooxml-3.17.jar:/Users/senthilkumar.n/.m2/repository/org/apache/poi/poi-ooxml-schemas/3.17/poi-ooxml-schemas-3.17.jar:/Users/senthilkumar.n/.m2/repository/org/apache/xmlbeans/xmlbeans/2.6.0/xmlbeans-2.6.0.jar:/Users/senthilkumar.n/.m2/repository/stax/stax-api/1.0.1/stax-api-1.0.1.jar:/Users/senthilkumar.n/.m2/repository/com/github/virtuald/curvesapi/1.04/curvesapi-1.04.jar:/Users/senthilkumar.n/.m2/repository/com/jcraft/jsch/0.1.55/jsch-0.1.55.jar:/Users/senthilkumar.n/.m2/repository/com/legsem/legstar/legstar-base/2.0.4/legstar-base-2.0.4.jar:/Users/senthilkumar.n/.m2/repository/org/slf4j/slf4j-api/1.7.2/slf4j-api-1.7.2.jar:/Users/senthilkumar.n/.m2/repository/org/slf4j/slf4j-log4j12/1.7.2/slf4j-log4j12-1.7.2.jar:/Users/senthilkumar.n/.m2/repository/com/legsem/legstar/legstar-coxbapi/1.5.8/legstar-coxbapi-1.5.8.jar:/Users/senthilkumar.n/.m2/repository/org/codehaus/jackson/jackson-xc/1.6.0/jackson-xc-1.6.0.jar:/Users/senthilkumar.n/.m2/repository/org/codehaus/jackson/jackson-core-asl/1.6.0/jackson-core-asl-1.6.0.jar:/Users/senthilkumar.n/.m2/repository/org/codehaus/jackson/jackson-mapper-asl/1.6.0/jackson-mapper-asl-1.6.0.jar:/Users/senthilkumar.n/.m2/repository/javax/xml/bind/jaxb-api/2.1/jaxb-api-2.1.jar:/Users/senthilkumar.n/.m2/repository/javax/xml/stream/stax-api/1.0-2/stax-api-1.0-2.jar:/Users/senthilkumar.n/.m2/repository/javax/activation/activation/1.1/activation-1.1.jar:/Users/senthilkumar.n/.m2/repository/com/legsem/legstar/legstar-coxbrt/1.5.8/legstar-coxbrt-1.5.8.jar:/Users/senthilkumar.n/.m2/repository/com/legsem/legstar/legstar-jaxbgen/1.6.0/legstar-jaxbgen-1.6.0.jar:/Users/senthilkumar.n/.m2/repository/com/legsem/legstar/legstar-codegen/1.6.0/legstar-codegen-1.6.0.jar:/Users/senthilkumar.n/.m2/repository/com/sun/xml/bind/jaxb-xjc/2.1.7/jaxb-xjc-2.1.7.jar:/Users/senthilkumar.n/.m2/repository/com/sun/xml/bind/jaxb-impl/2.1.7/jaxb-impl-2.1.7.jar:/Users/senthilkumar.n/.m2/repository/org/apache/ws/commons/schema/XmlSchema/1.4.7/XmlSchema-1.4.7.jar:/Users/senthilkumar.n/.m2/repository/org/projectlombok/lombok/1.18.12/lombok-1.18.12.jar:/Users/senthilkumar.n/.m2/repository/com/opencsv/opencsv/4.1/opencsv-4.1.jar:/Users/senthilkumar.n/.m2/repository/org/apache/commons/commons-text/1.1/commons-text-1.1.jar:/Users/senthilkumar.n/.m2/repository/commons-beanutils/commons-beanutils/1.9.3/commons-beanutils-1.9.3.jar:/Users/senthilkumar.n/.m2/repository/org/springframework/spring-core/5.2.4.RELEASE/spring-core-5.2.4.RELEASE.jar:/Users/senthilkumar.n/.m2/repository/org/springframework/spring-jcl/5.2.4.RELEASE/spring-jcl-5.2.4.RELEASE.jar:/Users/senthilkumar.n/.m2/repository/com/amazonaws/aws-java-sdk-dynamodb/1.11.106/aws-java-sdk-dynamodb-1.11.106.jar:"/>
    <property name="sun.cpu.endian" value="little"/>
    <property name="user.home" value="/Users/senthilkumar.n"/>
    <property name="user.language" value="en"/>
    <property name="java.specification.vendor" value="Oracle Corporation"/>
    <property name="java.version.date" value="2019-01-15"/>
    <property name="java.home" value="/Library/Java/JavaVirtualMachines/openjdk-11.0.2.jdk/Contents/Home"/>
    <property name="file.separator" value="/"/>
    <property name="basedir" value="/Users/senthilkumar.n/Documents/workspace/test-cucumber"/>
    <property name="java.vm.compressedOopsMode" value="Zero based"/>
    <property name="line.separator" value="&#10;"/>
    <property name="java.specification.name" value="Java Platform API Specification"/>
    <property name="java.vm.specification.vendor" value="Oracle Corporation"/>
    <property name="java.awt.graphicsenv" value="sun.awt.CGraphicsEnvironment"/>
    <property name="surefire.real.class.path" value="/Users/senthilkumar.n/Documents/workspace/test-cucumber/target/surefire/surefirebooter3769898855821507524.jar"/>
    <property name="sun.management.compiler" value="HotSpot 64-Bit Tiered Compilers"/>
    <property name="java.runtime.version" value="11.0.2+9"/>
    <property name="user.name" value="senthilkumar.n"/>
    <property name="path.separator" value=":"/>
    <property name="os.version" value="10.15.6"/>
    <property name="java.runtime.name" value="OpenJDK Runtime Environment"/>
    <property name="file.encoding" value="UTF-8"/>
    <property name="java.vm.name" value="OpenJDK 64-Bit Server VM"/>
    <property name="java.vendor.version" value="18.9"/>
    <property name="localRepository" value="/Users/senthilkumar.n/.m2/repository"/>
    <property name="java.vendor.url.bug" value="http://bugreport.java.com/bugreport/"/>
    <property name="java.io.tmpdir" value="/var/folders/8z/8xft2tcn2bvd9h6x17p_6db93x3nv8/T/"/>
    <property name="java.version" value="11.0.2"/>
    <property name="user.dir" value="/Users/senthilkumar.n/Documents/workspace/test-cucumber"/>
    <property name="os.arch" value="x86_64"/>
    <property name="java.vm.specification.name" value="Java Virtual Machine Specification"/>
    <property name="java.awt.printerjob" value="sun.lwawt.macosx.CPrinterJob"/>
    <property name="sun.os.patch.level" value="unknown"/>
    <property name="java.library.path" value="/Users/senthilkumar.n/Library/Java/Extensions:/Library/Java/Extensions:/Network/Library/Java/Extensions:/System/Library/Java/Extensions:/usr/lib/java:."/>
    <property name="java.vendor" value="Oracle Corporation"/>
    <property name="java.vm.info" value="mixed mode"/>
    <property name="java.vm.version" value="11.0.2+9"/>
    <property name="sun.io.unicode.encoding" value="UnicodeBig"/>
    <property name="java.class.version" value="55.0"/>
  </properties>
  <testcase name="Scenario: select lowest price item in cart" classname="Scenario: select lowest price item in cart" time="0"/>
  <testcase name="Given I add four different products to my wish list" classname="Scenario: select lowest price item in cart" time="0.001"/>
  <testcase name="When I view my wishlist table" classname="Scenario: select lowest price item in cart" time="0"/>
  <testcase name="Then I  find total &quot;4&quot; selected items in my wishlist" classname="Scenario: select lowest price item in cart" time="0.001"/>
  <testcase name="When I search for the lowest price product" classname="Scenario: select lowest price item in cart" time="0"/>
  <testcase name="And I am able to add the lowest price item to my cart" classname="Scenario: select lowest price item in cart" time="0.001"/>
  <testcase name="Then I am able to verify the item in my cart" classname="Scenario: select lowest price item in cart" time="0"/>
</testsuite>